     - [200 OK]
https://www.metaweather.com/api/location/search/?query=bordeaux
     - [200 OK]
https://www.metaweather.com/api/location/580778/
     - [200 OK]
https://www.metaweather.com/api/location/search/?query=bordeaux
     - [200 OK]
https://www.metaweather.com/api/location/580778/
     - [200 OK]
https://www.metaweather.com/api/location/search/?query=bordeaux
     - [200 OK]
https://www.metaweather.com/api/location/580778/
     - [200 OK]
https://www.prevision-meteo.ch/services/json/bordeaux
     - [200 OK]
https://query.yahooapis.com/v1/public/yql?q=select%20*%20from%20weather.forecast%20where%20woeid%20in%20(select%20woeid%20from%20geo.places(1)%20where%20text%3D%22bordeaux%22)&format=json&env=store%3A%2F%2Fdatatables.org%2Falltableswithkeys
     - [200 OK]
https://www.metaweather.com/api/location/search/?query=bordeaux
     - [200 OK]
https://www.metaweather.com/api/location/580778/
     - [200 OK]
https://www.prevision-meteo.ch/services/json/bordeaux
     - [200 OK]
https://query.yahooapis.com/v1/public/yql?q=select%20*%20from%20weather.forecast%20where%20woeid%20in%20(select%20woeid%20from%20geo.places(1)%20where%20text%3D%22bordeaux%22)&format=json&env=store%3A%2F%2Fdatatables.org%2Falltableswithkeys
     - [200 OK]
https://www.metaweather.com/api/location/search/?query=bordeaux
     - [200 OK]
https://www.metaweather.com/api/location/580778/
     - [200 OK]
https://www.prevision-meteo.ch/services/json/bordeaux
     - [200 OK]
https://query.yahooapis.com/v1/public/yql?q=select%20*%20from%20weather.forecast%20where%20woeid%20in%20(select%20woeid%20from%20geo.places(1)%20where%20text%3D%22bordeaux%22)&format=json&env=store%3A%2F%2Fdatatables.org%2Falltableswithkeys
